Protel Design System Auto-Router Log
------------------------------------
Log Filename     : C:\DOCUME~1\JIMPAT~1\MYDOCU~1\PROJECTS\SYNTHMOD\500-1074\R1074.LOG
Date             : 14-6-2014
Time             : 14:03

Input  .PCB File : C:\DOCUME~1\JIMPAT~1\MYDOCU~1\PROJECTS\SYNTHMOD\500-1074\R1074.PCB
Output .PCB File : C:\DOCUME~1\JIMPAT~1\MYDOCU~1\PROJECTS\SYNTHMOD\500-1074\R1074.PCB


Clearances
  Arc    : 5mil
  Fill   : 5mil
  Pad    : 5mil
  Track  : 5mil
  Text   : 5mil
  Via    : 5mil


Layers
  Top Layer      : Horizontal
  Mid Layer 1    : Not Used
  Mid Layer 2    : Not Used
  Mid Layer 3    : Not Used
  Mid Layer 4    : Not Used
  Mid Layer 5    : Not Used
  Mid Layer 6    : Not Used
  Mid Layer 7    : Not Used
  Mid Layer 8    : Not Used
  Mid Layer 9    : Not Used
  Mid Layer 10   : Not Used
  Mid Layer 11   : Not Used
  Mid Layer 12   : Not Used
  Mid Layer 13   : Not Used
  Mid Layer 14   : Not Used
  Bottom Layer   : Vertical


Hugging 
  Before 100%  : No Hugging
  After 100%   : No Hugging


Other Settings
  Route Grid  : 5mil
  Route Track : 12mil
  Route Via   : 40mil


                   Connections       Time           Items Added During Pass
Router Pass        Routed  (%)       Used        Arcs    Pads    Tracks  Vias
--------------------------------------------------------------------------------
Pre-Router            0 (  0.00%)  00:00:00         0       0       0       0
Smd Stringer                                              Not Used
SMD Fanout                                                Not Used
Memory                0 (  0.00%)  00:00:00         0       0       0       0
Line Probe           16 (100.00%)  00:00:01         0       0      87      19
Smoothing            16 (100.00%)  00:01:26         0       0      27      -4
Smoothing            16 (100.00%)  00:02:45         0       0       2      -4
Smoothing            16 (100.00%)  00:01:35         0       0       4      -5
Smoothing            16 (100.00%)  00:02:14         0       0       1      -3
Smoothing            16 (100.00%)  00:01:42         0       0       2      -1
Miter                16 (100.00%)  00:00:00         0       0       0       0
--------------------------------------------------------------------------------
Totals               16 (100.00%)  00:09:43         0       0     123       2




---------------------
