Protel Design System Auto-Router Log
------------------------------------
Log Filename     : C:\DOCUME~1\JIMPAT~1\MYDOCU~1\PROJECTS\SYNTHMOD\100-1069\1069.LOG
Date             : 27-7-2014
Time             : 14:42

Input  .PCB File : C:\DOCUME~1\JIMPAT~1\MYDOCU~1\PROJECTS\SYNTHMOD\100-1069\1069.PCB
Output .PCB File : C:\DOCUME~1\JIMPAT~1\MYDOCU~1\PROJECTS\SYNTHMOD\100-1069\1069.PCB


Clearances
  Arc    : 5mil
  Fill   : 5mil
  Pad    : 5mil
  Track  : 5mil
  Text   : 5mil
  Via    : 5mil


Layers
  Top Layer      : Horizontal
  Mid Layer 1    : Not Used
  Mid Layer 2    : Not Used
  Mid Layer 3    : Not Used
  Mid Layer 4    : Not Used
  Mid Layer 5    : Not Used
  Mid Layer 6    : Not Used
  Mid Layer 7    : Not Used
  Mid Layer 8    : Not Used
  Mid Layer 9    : Not Used
  Mid Layer 10   : Not Used
  Mid Layer 11   : Not Used
  Mid Layer 12   : Not Used
  Mid Layer 13   : Not Used
  Mid Layer 14   : Not Used
  Bottom Layer   : Vertical


Hugging 
  Before 100%  : No Hugging
  After 100%   : No Hugging


Other Settings
  Route Grid  : 25mil
  Route Track : 12mil
  Route Via   : 40mil


                   Connections       Time           Items Added During Pass
Router Pass        Routed  (%)       Used        Arcs    Pads    Tracks  Vias
--------------------------------------------------------------------------------
Pre-Router          216 ( 17.85%)  00:00:12         0       0       0       0
Smd Stringer                                              Not Used
SMD Fanout                                                Not Used
Memory                                                    Not Used
Line Probe                                                Not Used
Maze                                                      Not Used
Miter                                                     Not Used
--------------------------------------------------------------------------------
Totals              216 (17.85%)  00:00:12         0       0       0       0




---------------------
Net Name : N06126
     U32-5 to R121-2
Net Name : N00246_21585
     R30-2 to Q13-COLL
     Q13-COLL to Q11-COLL
     Q11-COLL to C21-1
     Q11-COLL to U12-2
Net Name : N00793
     U27-3 to U25-6
     U25-6 to C49-1
Net Name : N00455_21583
     U12-1 to R33-1
     R33-1 to C21-2
Net Name : N00840
     U27-5 to U25-11
     U25-11 to C46-1
Net Name : O0
     U36-15 to U25-1
Net Name : N00385_26852
     R71-2 to Q29-EMIT
     Q29-EMIT to Q30-EMIT
Net Name : N00484_26851
     C37-2 to R71-1
     C37-2 to U7-1
Net Name : MCLK
     U19-12 to R8-1
     R8-1 to J2-1
Net Name : MSS
     U19-13 to R12-1
     R12-1 to J3-1
Net Name : N00425_26846
     R72-1 to Q32-EMIT
     Q32-EMIT to Q31-EMIT
Net Name : MRST
     U19-14 to R15-1
     R15-1 to J4-1
Net Name : N01321_7264
     C82-2 to U42-7
     U42-7 to R186-1
Net Name : B2
     U24-11 to U19-16
Net Name : D0
     U23-1 to U22-4
     U23-1 to U19-2
     U19-2 to R79-2
Net Name : B3
     U20-13 to U8-5
Net Name : B1
     U24-3 to U19-15
     U19-15 to U8-4
Net Name : N00250_7257
     R186-2 to Q42-EMIT
     Q42-EMIT to Q41-EMIT
Net Name : D1
     U23-5 to U19-3
Net Name : N00212_7256
     R187-1 to Q47-EMIT
     Q47-EMIT to Q46-EMIT
Net Name : D2
     U36-6 to U24-9
     U24-9 to U19-4
Net Name : B7
     U19-10 to Y1-1
     Y1-1 to C16-1
Net Name : B6
     U19-9 to Y1-2
     Y1-2 to C15-1
Net Name : D4
     U36-2 to U19-6
Net Name : B5
     U20-3 to U8-6
Net Name : D3
     U36-1 to U19-5
Net Name : C4
     U19-27 to JP16-5
Net Name : C5
     U19-28 to JP16-6
Net Name : N00120_26826
     U2-6 to R147-2
     R147-2 to R146-1
Net Name : C6
     JP17-5 to U19-1
     U19-1 to U20-11
     U20-11 to U20-10
     U20-10 to U20-9
Net Name : N03595
     R26-WIPE to U10-1
Net Name : N03525
     R27-2 to R26-A
Net Name : N03493
     R26-B to R25-2
Net Name : N02033
     U25-15 to U25-2
     U25-2 to U25-7
     U25-7 to U25-10
     U25-15 to U8-8
     U8-8 to C17-1
     C17-1 to U9-1
Net Name : N02779
     U8-7 to U9-7
     U9-7 to R19-2
Net Name : N02052
     U11-3 to U30-6
     U30-6 to U30-11
     U30-6 to U29-6
Net Name : N02692
     U9-6 to R22-1
     R22-1 to R20-2
     R20-2 to R19-1
Net Name : N02630
     U9-5 to R23-1
     R23-1 to R21-2
Net Name : N01255
     R31-1 to U31-14
     U31-14 to U30-14
     U30-14 to U29-3
Net Name : N16526
     U27-1 to U27-2
Net Name : N01951
     C17-2 to U9-2
     U9-2 to U8-1
Net Name : N01433
     U29-10 to R116-2
     R116-2 to R117-1
     U29-10 to U30-15
Net Name : VP2
     R173-1 to JP7-2
Net Name : VP1
     R95-1 to JP5-2
Net Name : N12646
     U35-1 to R141-2
     R141-2 to JP7-4
Net Name : N00120_26805
     U4-6 to R149-2
     R149-2 to R148-1
Net Name : N12623
     U35-7 to R138-2
     R138-2 to JP7-1
Net Name : N12578
     U34-1 to R133-2
     R133-2 to JP5-4
Net Name : N000894
     R86-1 to MC3-4
Net Name : N02463_6974
     R198-1 to R182-2
     R182-2 to U41-1
Net Name : N12555
     U34-7 to R130-2
     R130-2 to JP5-1
Net Name : N000891
     U22-2 to MC1-5
     MC1-5 to D4-ANOD
Net Name : N000892
     R81-1 to MC2-4
Net Name : N000895
     R84-2 to MC3-5
Net Name : N000893
     R83-2 to MC2-5
Net Name : N000890
     R80-1 to MC1-4
Net Name : -5VR
     R214-2 to R212-2
     R214-2 to R72-2
     R212-2 to JP13-9
     JP13-9 to JP13-13
     JP13-9 to R187-2
     R187-2 to R153-2
     R153-2 to JP19-3
     JP19-3 to R158-A
     R158-A to JP18-3
     JP19-3 to R192-A
     R212-2 to R134-1
     R134-1 to R142-1
     R134-1 to U51-2
     U51-2 to U51-1
Net Name : N02351_6966
     R182-1 to R183-2
     R183-2 to R184-2
     R184-2 to R185-2
     R183-2 to U41-2
Net Name : N00661_30560
     R44-1 to Q14-BASE
     Q14-BASE to Q17-BASE
     R44-1 to R47-2
Net Name : N02002_6965
     R188-2 to U43-6
     R188-2 to R189-1
     R189-1 to R195-1
Net Name : N06305_30559
     U13-1 to U13-2
     U13-2 to R47-1
Net Name : +5VR
     R191-1 to R157-1
     R157-1 to R90-1
     R90-1 to R168-1
     R168-1 to JP13-14
     JP13-14 to JP13-10
     JP13-14 to R179-A
     R179-A to R101-A
     R101-A to JP19-1
     JP19-1 to JP18-1
     JP13-14 to R128-1
     R128-1 to R136-1
     R128-1 to U50-3
     U50-3 to U50-1
Net Name : N00661
     R34-1 to Q13-BASE
     Q13-BASE to R37-2
     Q13-BASE to Q10-BASE
Net Name : GRH
     U26-7 to U26-6
     U26-7 to JP13-6
     JP13-6 to R109-1
Net Name : N001076_6963
     Q43-BASE to Q44-BASE
     Q44-BASE to Q42-COLL
     Q42-COLL to Q47-COLL
     Q42-COLL to R177-1
Net Name : N06305
     U11-1 to U11-2
     U11-2 to R37-1
Net Name : GRW
     U1-5 to JP13-8
Net Name : N001073_6962
     Q43-EMIT to Q44-EMIT
     Q44-EMIT to Q45-EMIT
     Q45-EMIT to R178-1
Net Name : PW2
     R183-1 to JP13-16
Net Name : N00157_6961
     Q43-COLL to C88-1
     C88-1 to U43-2
     C88-1 to Q48-SOUR
Net Name : GRATE
     R70-1 to JP13-4
Net Name : PW1
     R105-1 to JP13-12
Net Name : N00597_6959
     Q44-COLL to U41-6
     U41-6 to R166-2
Net Name : N00385_29046
     R48-1 to Q19-EMIT
     Q19-EMIT to Q18-EMIT
     Q18-EMIT to Q20-EMIT
     Q20-EMIT to Q21-EMIT
Net Name : N01097_6957
     C82-1 to R172-2
     R172-2 to R173-2
     R173-2 to R175-2
     R175-2 to R181-2
     R175-2 to U42-6
     R181-2 to Q41-COLL
     Q41-COLL to Q46-COLL
     R172-2 to R170-1
     R170-1 to R169-2
Net Name : N19912
     U27-7 to U27-6
     U27-7 to R149-1
     R149-1 to JP11-6
Net Name : N00448_6956
     C83-2 to U42-1
     C83-2 to R178-2
Net Name : N00484_29043
     C24-2 to R48-2
     C24-2 to U15-7
Net Name : N00120_26784
     U3-2 to R127-2
     R127-2 to R126-1
Net Name : N00407_6955
     C83-1 to R168-2
     R168-2 to U42-2
     C83-1 to Q45-COLL
Net Name : N19399
     U4-3 to JP11-12
Net Name : N00686_6954
     R166-1 to U41-7
     R166-1 to R167-B
Net Name : ADSR2
     R38-2 to R123-1
     R123-1 to U14-7
     U14-7 to C22-2
     U14-7 to R7-1
Net Name : N15490
     Q29-BASE to Q32-BASE
     Q32-BASE to R6-1
     R6-1 to R7-2
Net Name : N15368
     C37-1 to Q29-COLL
     Q29-COLL to Q31-COLL
     C37-1 to R2-2
     Q29-COLL to U7-2
     U7-2 to R3-2
     R3-2 to R4-2
Net Name : N19467
     R222-1 to JP11-4
Net Name : N19338
     U4-5 to JP11-8
Net Name : N19184
     R150-2 to U4-1
     R150-2 to R219-2
Net Name : N19145
     R220-1 to R148-2
     R148-2 to U4-7
Net Name : N10142
     R65-1 to U1-7
     U1-7 to R108-2
Net Name : N00235
     R76-1 to R78-2
     R78-2 to R77-2
     R77-2 to R75-2
     R75-2 to R74-2
     R74-2 to R73-2
     R78-2 to U1-2
Net Name : +15
     C63-1 to Q57-COLL
     Q57-COLL to U50-8
     U50-8 to C110-1
     U50-8 to C113-1
     C113-1 to U51-8
     U51-8 to U21-3
     C63-1 to R116-1
     R116-1 to U2-8
     R116-1 to U29-13
     C4-1 to JP15-1
     U47-8 to U16-8
     U45-8 to R49-2
     R49-2 to R51-1
     R51-1 to R52-1
Net Name : N10095
     R175-1 to R97-1
     R97-1 to R114-2
     R114-2 to U5-7
Net Name : N06428_28529
     R165-A to R169-1
Net Name : -15
     JP15-4 to Q60-COLL
     Q60-COLL to C112-1
     C112-1 to U51-4
     U51-4 to C109-1
     C109-1 to U50-4
     Q60-COLL to U34-4
Net Name : N10050
     R181-1 to R103-1
     R103-1 to R110-2
     R110-2 to U5-1
Net Name : N06457_28528
     JP19-2 to R165-WIPE
     R165-WIPE to R165-B
Net Name : N10005
     R112-2 to U3-7
     R112-2 to R184-1
     R184-1 to R106-1
Net Name : N06293_28527
     R167-WIPE to R170-2
Net Name : N09931
     R185-1 to R126-2
     R126-2 to U3-1
     R185-1 to R107-1
Net Name : N06428
     R87-A to R91-1
Net Name : N06457
     JP18-2 to R87-WIPE
     R87-WIPE to R87-B
Net Name : N00227_28776
     R188-1 to Q48-DRAI
     R188-1 to C88-2
Net Name : N06293
     R89-WIPE to R92-2
Net Name : N08967
     R63-1 to U26-1
     U26-1 to U26-2
Net Name : N00279_28774
     U44-3 to R191-2
     R191-2 to C92-2
Net Name : N00288_28770
     Q48-GATE to C89-2
     C89-2 to U44-7
     Q48-GATE to R190-1
Net Name : N00268_28769
     R189-2 to C89-1
     R189-2 to U44-2
Net Name : N02795
     Q54-BASE to Q55-BASE
     Q55-BASE to Q51-BASE
     Q51-BASE to Q50-BASE
     Q51-BASE to R206-2
     R206-2 to R205-1
Net Name : N00120_27009
     U1-6 to R109-2
     R109-2 to R108-1
Net Name : N01321
     C67-2 to U37-7
     U37-7 to R152-1
Net Name : N00227
     R154-1 to Q40-DRAI
     R154-1 to C73-2
Net Name : N00279
     U39-3 to R157-2
     R157-2 to C77-2
Net Name : N00928_25496
     U35-2 to R141-1
     R141-1 to R140-A
Net Name : N00250
     R152-2 to Q34-EMIT
     Q34-EMIT to Q33-EMIT
Net Name : N00807_25495
     R140-B to R140-WIPE
     R140-B to R139-2
Net Name : N00288
     Q40-GATE to C74-2
     C74-2 to U39-7
     Q40-GATE to R156-1
Net Name : N00212
     R153-1 to Q39-EMIT
     Q39-EMIT to Q38-EMIT
Net Name : N00982_25494
     R142-2 to R137-2
     R142-2 to U35-3
Net Name : N00268
     R155-2 to C74-1
     R155-2 to U39-2
Net Name : N00707_25493
     R139-1 to U35-6
     R139-1 to R138-1
Net Name : N00647_25492
     R136-2 to R137-1
     R137-1 to U35-5
Net Name : N046401
     C103-1 to U47-6
     C103-1 to Q49-COLL
     Q49-COLL to Q51-COLL
     C103-1 to R203-2
Net Name : N048080
     C104-1 to U48-6
     C104-1 to Q53-COLL
     Q53-COLL to Q55-COLL
     C104-1 to R204-2
Net Name : N03371
     U19-19 to U20-4
Net Name : N01029
     R199-1 to R200-1
     R200-1 to R202-2
     R202-2 to U46-6
     R202-2 to R201-1
Net Name : N02906
     R207-2 to R210-2
     R207-2 to R208-2
     R210-2 to R209-1
     R210-2 to U46-2
Net Name : N00385_8165
     R213-2 to Q53-EMIT
     Q53-EMIT to Q54-EMIT
Net Name : N03294
     U20-15 to U19-18
Net Name : N00484_8164
     C104-2 to R213-1
     R213-1 to U48-7
Net Name : N00120_26988
     U3-6 to R113-2
     R113-2 to R112-1
Net Name : N00385_7910
     Q52-COLL to Q50-COLL
     Q50-COLL to C95-2
     Q50-COLL to U47-2
Net Name : N03130
     U20-14 to U19-17
Net Name : N00425_8159
     R214-1 to Q56-EMIT
     Q56-EMIT to Q55-EMIT
Net Name : N007300_7405
     D12-ANOD to D11-ANOD
Net Name : N03009
     R206-1 to R209-2
     R209-2 to U46-1
Net Name : N00265
     U24-12 to U24-5
Net Name : N18724
     R2-1 to JP3-2
Net Name : SCK
     U20-5 to JP17-3
Net Name : N00219
     Q56-COLL to Q54-COLL
     Q54-COLL to C96-2
     Q54-COLL to U48-2
Net Name : N18648
     JP3-4 to R3-1
Net Name : N08181
     R64-1 to R63-2
     R63-2 to U16-5
Net Name : N18572
     R4-1 to JP3-6
Net Name : N08148
     R60-1 to R61-2
     R61-2 to U16-6
Net Name : N00444_7401
     R192-B to R192-WIPE
     R192-B to R193-1
Net Name : N17552
     Q32-COLL to Q30-COLL
     Q30-COLL to R1-1
     R1-1 to U7-6
Net Name : N17643
     J1-1 to R1-2
     R1-2 to U7-7
Net Name : N00316
     U24-8 to U24-1
Net Name : N00110
     Q27-COLL to Q25-COLL
     Q25-COLL to C31-1
     Q27-COLL to U16-2
Net Name : N00853_7399
     U45-5 to R198-2
Net Name : N08282
     R62-1 to R60-2
     R60-2 to U16-7
Net Name : BP
     U47-1 to JP6-6
     JP6-6 to C95-1
     C95-1 to JP2-4
     JP2-4 to R204-1
Net Name : N18449
     Q18-BASE to R239-2
     Q18-BASE to Q21-BASE
     Q21-BASE to R238-2
Net Name : N00824_7396
     U45-6 to R196-2
Net Name : N19582
     R238-1 to R237-2
     R237-2 to U15-1
Net Name : N06392
     C32-2 to U17-7
     C32-2 to R67-2
Net Name : N00882_7395
     R197-1 to U45-7
Net Name : N00107_21702
     Q14-EMIT to Q16-EMIT
     Q16-EMIT to Q17-EMIT
     Q17-EMIT to Q15-EMIT
     Q15-EMIT to R43-2
Net Name : N05851
     R67-1 to Q28-EMIT
     Q28-EMIT to Q27-EMIT
     Q27-EMIT to Q26-EMIT
     Q26-EMIT to Q25-EMIT
Net Name : N00506_7394
     R194-1 to R195-2
     R195-2 to R193-2
     R194-1 to U45-2
Net Name : FAW2
     U2-3 to JP6-16
Net Name : N52243
     Q1-BASE to R8-2
Net Name : FAW1
     U2-5 to JP6-12
Net Name : N06816
     R68-2 to Q27-BASE
     Q27-BASE to Q26-BASE
     R68-2 to R69-1
Net Name : N52301
     Q6-BASE to R15-2
Net Name : FQP
     R199-2 to JP6-8
Net Name : N10702
     R68-1 to U17-1
     U17-1 to R66-2
Net Name : N52272
     Q4-BASE to R12-2
Net Name : FFP
     R207-1 to JP6-4
Net Name : N05991
     U17-6 to C32-1
     C32-1 to Q28-COLL
     Q28-COLL to Q26-COLL
     Q26-COLL to R62-2
Net Name : N02486_21697
     R39-2 to U13-7
     R39-2 to R40-1
Net Name : N52133
     R13-1 to Q6-COLL
Net Name : HP
     R203-1 to JP2-6
     R203-1 to R201-2
     R201-2 to U46-7
Net Name : MISO
     U20-2 to JP17-1
Net Name : N08475
     R66-1 to R65-2
     R65-2 to R70-2
     R70-2 to U17-2
Net Name : N02336_21696
     R38-1 to U13-6
     R38-1 to R39-1
Net Name : N52070
     R10-1 to Q4-COLL
Net Name : LP
     R200-2 to C96-1
     C96-1 to JP2-2
     C96-1 to U48-1
Net Name : MOSI
     U20-12 to JP17-4
Net Name : N00138_21695
     C22-1 to U14-6
     U14-6 to Q16-COLL
     Q16-COLL to Q14-COLL
Net Name : N13826
     R210-1 to R144-2
     R144-2 to U2-1
Net Name : N13774
     R208-1 to R146-2
     R146-2 to U2-7
Net Name : N02407_21693
     R41-2 to R42-1
     R42-1 to U13-5
Net Name : N00246
     R40-2 to Q17-COLL
     Q17-COLL to U14-2
     Q17-COLL to Q15-COLL
     Q15-COLL to C23-1
Net Name : N46242
     JP12-7 to Q5-COLL
Net Name : N00120_26961
     U5-2 to R111-2
     R111-2 to R110-1
Net Name : N00455
     U14-1 to R43-1
     R43-1 to C23-2
Net Name : N46443
     JP14-7 to Q9-COLL
Net Name : N46128
     JP12-1 to Q2-COLL
Net Name : N46299
     JP14-1 to Q7-COLL
Net Name : N46356
     JP14-5 to Q8-COLL
Net Name : N46185
     JP12-5 to Q3-COLL
Net Name : N79300
     R85-1 to U23-9
     U23-9 to U23-6
Net Name : N46102
     U33-6 to U31-8
     U31-8 to U31-1
     U31-8 to R18-1
Net Name : N79138
     U23-3 to U23-2
     U23-3 to R82-2
Net Name : N46076
     U33-5 to R17-1
     R17-1 to U30-1
     U30-1 to U29-16
Net Name : N46050
     U33-4 to U31-9
     U31-9 to R16-1
     U31-9 to U29-9
Net Name : N46024
     U33-10 to R14-1
     R14-1 to U30-9
     U30-9 to U29-1
Net Name : N45998
     U33-11 to R11-1
     R11-1 to U31-16
     U31-16 to U30-8
Net Name : N45972
     U33-12 to R9-1
     R9-1 to U30-16
     U30-16 to U29-8
Net Name : N457061
     Q9-BASE to R18-2
Net Name : VCC
     JP16-4 to JP16-3
     JP16-3 to JP16-1
     JP16-1 to JP16-2
     JP16-2 to JP17-2
     JP17-2 to U19-7
     U19-7 to U19-21
     U19-21 to U19-20
     U19-20 to C39-1
     C39-1 to U33-16
     U33-16 to U24-14
     U24-14 to C41-1
     U24-14 to U24-13
     U24-13 to U24-10
     U24-10 to U24-4
     U24-4 to U24-2
     U24-4 to R82-1
     R82-1 to U23-14
     U23-14 to R85-2
     R85-2 to U36-16
     U36-16 to C66-1
     U36-16 to C40-1
     C40-1 to U22-6
     U22-6 to R81-2
     R81-2 to R86-2
     R86-2 to D1-ANOD
     D1-ANOD to D2-ANOD
     D2-ANOD to D3-ANOD
     D1-ANOD to Q9-EMIT
     Q9-EMIT to Q8-EMIT
     Q8-EMIT to Q5-EMIT
     Q5-EMIT to Q3-EMIT
     Q3-EMIT to Q2-EMIT
     Q2-EMIT to Q7-EMIT
     U19-20 to U8-3
     U8-3 to C124-1
     C124-1 to U20-16
     U20-16 to R122-1
     R122-1 to R79-1
     R79-1 to C38-1
     C38-1 to U21-1
     U8-3 to R118-1
Net Name : N00421
     D14-ANOD to D13-ANOD
Net Name : N456031
     R17-2 to Q8-BASE
Net Name : N455450
     Q7-BASE to R16-2
Net Name : N454380
     Q5-BASE to R14-2
Net Name : SQR
     D13-CATH to R218-2
     R218-2 to R216-1
Net Name : N453781
     Q3-BASE to R11-2
Net Name : N00627
     U49-3 to R215-1
     R215-1 to R217-2
Net Name : N451920
     R9-2 to Q2-BASE
Net Name : N15043
     C24-1 to Q18-COLL
     Q18-COLL to Q20-COLL
     Q20-COLL to R216-2
     C24-1 to U15-6
Net Name : N00469
     R237-1 to R219-1
     R219-1 to R220-2
     R220-2 to R222-2
     R219-1 to U15-2
Net Name : N00630
     U49-2 to R221-2
Net Name : N00650
     R218-1 to R215-2
     R215-2 to U49-1
Net Name : N00120_26940
     U4-2 to R151-2
     R151-2 to R150-1
Net Name : N00592
     Q21-COLL to Q19-COLL
     Q19-COLL to C105-1
     C105-1 to U49-6
Net Name : N00385
     R211-2 to Q49-EMIT
     Q49-EMIT to Q50-EMIT
Net Name : N00484
     C103-2 to R211-1
     R211-1 to U47-7
Net Name : N00425
     R212-1 to Q52-EMIT
     Q52-EMIT to Q51-EMIT
Net Name : N51923
     Q1-COLL to R5-1
Net Name : N51896
     R10-2 to D2-CATH
Net Name : N51869
     R13-2 to D3-CATH
Net Name : N02463
     R164-1 to R104-2
     R104-2 to U28-1
Net Name : N03212
     U13-3 to U31-6
     U31-6 to U31-11
     U31-11 to U29-14
Net Name : N515231
     R5-2 to D1-CATH
Net Name : N04352
     U30-10 to JP9-16
Net Name : N03151
     R41-1 to U31-3
     U31-3 to U30-3
     U30-3 to U29-11
Net Name : N04298
     U31-15 to JP9-12
Net Name : N04244
     U30-7 to JP9-8
Net Name : N04190
     U29-7 to JP9-4
Net Name : N04136
     U31-7 to JP10-16
Net Name : N04082
     U30-2 to JP10-12
Net Name : N04028
     U29-15 to JP10-8
Net Name : N03974
     U31-10 to JP10-4
Net Name : N02351
     R104-1 to R106-2
     R106-2 to R105-2
     R105-2 to R107-2
     R106-2 to U28-2
Net Name : N02002
     R154-2 to U38-6
     R154-2 to R155-1
     R155-1 to R161-1
Net Name : N760550
     U23-8 to R84-1
Net Name : N001076
     Q35-BASE to Q36-BASE
     Q36-BASE to Q34-COLL
     Q34-COLL to Q39-COLL
     Q34-COLL to R99-1
Net Name : N007300
     D10-ANOD to D9-ANOD
Net Name : N00120_26919
     U5-6 to R115-2
     R115-2 to R114-1
Net Name : N001073
     Q35-EMIT to Q36-EMIT
     Q36-EMIT to Q37-EMIT
     Q37-EMIT to R100-1
Net Name : N758691
     U23-4 to R83-1
Net Name : N00157
     Q35-COLL to C73-1
     C73-1 to U38-2
     C73-1 to Q40-SOUR
Net Name : N00259
     D4-CATH to R80-2
     R80-2 to U22-1
Net Name : N00597
     Q36-COLL to U28-6
     U28-6 to R88-2
Net Name : N00444
     R158-B to R158-WIPE
     R158-B to R159-1
Net Name : N01097
     C67-1 to R94-2
     R94-2 to R95-2
     R95-2 to R97-2
     R97-2 to R103-2
     R97-2 to U37-6
     R103-2 to Q33-COLL
     Q33-COLL to Q38-COLL
     C67-1 to R92-1
     R92-1 to R91-2
Net Name : N00853
     U40-5 to R164-2
Net Name : N00448
     C68-2 to U37-1
     C68-2 to R100-2
Net Name : N00407
     C68-1 to R90-2
     R90-2 to U37-2
     C68-1 to Q37-COLL
Net Name : N00686
     R88-1 to U28-7
     U28-7 to R89-B
Net Name : N00824
     U40-6 to R162-2
Net Name : N00882
     R163-1 to U40-7
Net Name : N00506
     R160-1 to R161-2
     R161-2 to R159-2
     R160-1 to U40-2
Net Name : N01531
     R234-2 to U51-7
Net Name : N00300
     R228-2 to U50-7
Net Name : N00200
     R55-2 to Q24-EMIT
     Q24-EMIT to C28-1
Net Name : N00729
     Q23-EMIT to R59-1
     R59-1 to C30-1
Net Name : N00591
     R229-1 to U50-6
     R229-1 to R232-1
Net Name : N00120
     U2-2 to R145-2
     R145-2 to R144-1
Net Name : N01393
     R235-1 to R226-2
     R226-2 to U51-6
Net Name : N00130
     R50-2 to C26-1
     R50-2 to R55-1
Net Name : N00216
     R228-1 to Q58-COLL
     Q58-COLL to Q57-BASE
Net Name : N01008
     Q22-EMIT to C29-1
     C29-1 to R57-1
Net Name : N00758
     Q23-COLL to R54-2
     Q23-COLL to C27-1
Net Name : N02971
     R231-2 to R233-2
     R233-2 to U51-3
Net Name : N00787
     R53-2 to R58-1
     R58-1 to C28-2
     C28-2 to Q23-BASE
Net Name : N00994
     R236-1 to Q60-EMIT
     Q60-EMIT to Q59-BASE
Net Name : N00113
     C25-1 to R49-1
     R49-1 to R54-1
     R54-1 to R53-1
     R53-1 to R50-1
Net Name : N00930
     Q22-BASE to C27-2
     C27-2 to R56-1
     R56-1 to R51-2
Net Name : N00165
     Q57-EMIT to R225-1
     Q57-EMIT to Q58-BASE
Net Name : VATN_W3
     U3-3 to JP8-16
Net Name : N01092
     R234-1 to Q59-COLL
     Q59-COLL to Q60-BASE
Net Name : N04535_27643
     R179-WIPE to R179-B
     R179-B to R176-1
Net Name : VATN_W2
     U3-5 to JP8-12
Net Name : N03023
     R224-2 to U50-2
     R224-2 to R227-1
Net Name : N04437_27642
     Q46-BASE to Q42-BASE
     Q42-BASE to R176-2
     R176-2 to R180-1
Net Name : VATN_W1
     U5-3 to JP8-8
Net Name : VATN_W0
     U5-5 to JP8-4
Net Name : N00928
     U34-2 to R133-1
     R133-1 to R132-A
Net Name : AGND
     Q6-EMIT to Q1-EMIT
     Q6-EMIT to JP13-1
     JP13-1 to JP13-5
     Q6-EMIT to JP4-5
     Q6-EMIT to J1-3
     JP13-5 to JP8-13
     JP4-5 to JP4-3
     JP8-13 to JP5-3
     JP5-3 to JP15-3
     JP7-3 to JP12-2
     JP12-2 to JP12-6
     JP12-2 to JP14-2
     JP14-2 to JP14-4
     JP14-4 to JP14-6
     JP12-6 to JP12-8
     JP12-8 to JP12-10
     JP8-13 to JP8-5
     JP8-5 to JP8-9
     JP14-6 to JP14-10
     JP4-5 to JP4-7
     Q6-EMIT to J4-3
     JP15-3 to JP15-2
     JP8-5 to JP8-1
     Q1-EMIT to J2-3
     JP14-10 to JP14-8
     JP4-3 to JP4-1
     JP13-1 to JP11-9
     JP4-7 to JP4-9
     JP12-6 to JP12-4
     JP11-9 to JP11-1
     JP11-1 to JP11-5
     J4-3 to R58-2
     J1-3 to C30-2
     R58-2 to R59-2
     R59-2 to Q24-BASE
     R59-2 to C25-2
     C30-2 to R56-2
     R56-2 to R57-2
     C30-2 to C29-2
     JP11-1 to R221-1
     R221-1 to R239-1
     R239-1 to Q19-BASE
     R239-1 to Q20-BASE
     JP14-2 to U20-8
     U20-8 to U20-7
     U20-8 to U24-7
     U24-7 to U23-7
     U23-7 to U22-5
     U23-7 to U36-8
     U20-8 to C16-2
     C16-2 to C15-2
     JP7-3 to R27-1
     C15-2 to JP16-7
     JP16-7 to JP16-9
     JP16-7 to JP16-8
     JP16-8 to JP16-10
     JP16-7 to U21-2
     U20-7 to U19-22
     C15-2 to U19-8
     C16-2 to C39-2
     U21-2 to C38-2
     U20-7 to U20-6
     C15-2 to JP17-6
     C39-2 to C41-2
     U22-5 to MC1-6
     Q1-EMIT to MC3-2
     MC3-6 to MC2-7
     MC2-7 to MC2-6
     MC1-6 to MC1-7
     U36-8 to U36-3
     U36-3 to U36-4
     U36-4 to U36-5
     U36-3 to C66-2
     JP8-1 to Q28-BASE
     Q28-BASE to Q25-BASE
     JP16-9 to R233-1
     C63-2 to R232-2
     R233-1 to R227-2
     JP16-9 to C108-2
     U21-2 to U51-5
     C108-2 to C111-1
     R232-2 to C109-2
     R227-2 to C110-2
     C111-1 to C113-2
     U51-5 to C112-2
     JP13-1 to Q33-BASE
     Q33-BASE to Q39-BASE
     Q39-BASE to Q37-BASE
     JP13-1 to Q41-BASE
     Q41-BASE to Q47-BASE
     Q47-BASE to Q45-BASE
     JP13-1 to R177-2
     C66-2 to U33-8
     Q1-EMIT to D6-ANOD
     MC3-2 to D8-ANOD
     C39-2 to U33-1
     U33-1 to U33-15
     D8-ANOD to Q12-BASE
     Q12-BASE to Q11-BASE
     Q12-BASE to R32-2
     Q11-BASE to C117-2
     MC3-2 to Q16-BASE
     Q16-BASE to Q15-BASE
     JP3-5 to Q31-BASE
     Q31-BASE to Q30-BASE
     JP6-9 to Q52-BASE
     Q52-BASE to Q49-BASE
     JP2-9 to Q56-BASE
     Q56-BASE to Q53-BASE
     Q24-BASE to Q24-COLL
Net Name : N00807
     R132-B to R132-WIPE
     R132-B to R131-2
Net Name : N04535
     R101-WIPE to R101-B
     R101-B to R98-1
Net Name : VATN_H2
     R28-2 to C20-2
     C20-2 to U12-7
     C20-2 to R119-1
     R119-1 to R151-1
     R151-1 to JP11-10
     JP11-10 to JP8-2
     JP8-2 to JP8-10
     JP8-10 to R113-1
     R113-1 to R115-1
     JP8-10 to R147-1
     R147-1 to JP6-10
Net Name : N08273
     R52-2 to Q22-COLL
     Q22-COLL to JP4-10
Net Name : N00982
     R134-2 to R129-2
     R129-2 to U34-3
Net Name : N04437
     Q38-BASE to Q34-BASE
     Q34-BASE to R98-2
     R98-2 to R102-1
Net Name : VATN_H1
     R111-1 to R127-1
     R127-1 to JP8-14
     JP8-14 to JP8-6
     JP8-6 to JP6-14
     JP6-14 to R145-1
     JP6-14 to U49-7
     U49-7 to C105-2
     C105-2 to R217-1
Net Name : N08231
     D11-CATH to R197-2
     D11-CATH to JP4-8
Net Name : N00707
     R131-1 to U34-6
     R131-1 to R130-1
Net Name : N08189
     R196-1 to R194-2
     R194-2 to U45-1
     U45-1 to JP4-6
Net Name : N00647
     R128-2 to U34-5
     U34-5 to R129-1
Net Name : REF
     U50-5 to U10-2
     U10-2 to R25-1
     R25-1 to R24-2
     R24-2 to R20-1
     R20-1 to R21-1
Net Name : N08154
     D9-CATH to R163-2
     D9-CATH to JP4-4
Net Name : N08119
     R162-1 to R160-2
     R160-2 to U40-1
     U40-1 to JP4-2
Net Name : N031963
     R77-1 to JP1-8
Net Name : N031964
     R78-1 to JP1-10
Net Name : N031961
     R74-1 to JP1-4
Net Name : N031962
     R75-1 to JP1-6
Net Name : N031960
     R73-1 to JP1-2
Net Name : N07916
     R202-1 to U1-1
     U1-1 to R76-2
Net Name : N07770
     R172-1 to R94-1
     R172-1 to R61-1
     R61-1 to C31-2
     C31-2 to U16-1
Net Name : CMP_A
     R118-2 to U19-11
     R118-2 to R120-2
     R120-2 to D6-CATH
Net Name : CMP_B
     R124-2 to D8-CATH
     D8-CATH to U20-1
     U20-1 to R122-2
Net Name : ADSR_B1
     U33-3 to U19-26
Net Name : ADSR_A0
     U33-14 to U19-23
Net Name : ADSR_A1
     U33-13 to U19-24
Net Name : ADSR_B0
     U33-2 to U19-25
Net Name : O2
     U36-13 to U25-9
Net Name : -10VR
     R231-1 to C111-2
     C111-2 to Q59-EMIT
     Q59-EMIT to R236-2
     R236-2 to R235-2
     R235-2 to JP9-1
     JP9-1 to JP9-5
     JP9-5 to JP9-9
     JP9-9 to JP9-13
     JP9-1 to JP10-13
     JP10-13 to JP10-9
     JP10-9 to JP10-5
     JP10-5 to JP10-1
Net Name : N00107
     Q10-EMIT to Q11-EMIT
     Q11-EMIT to Q13-EMIT
     Q13-EMIT to Q12-EMIT
     Q12-EMIT to R33-2
Net Name : +10VR
     R224-1 to C108-1
     R224-1 to R229-2
     R229-2 to R225-2
     R225-2 to Q58-EMIT
     R229-2 to R226-1
     R226-1 to JP9-2
     JP9-2 to JP9-6
     JP9-6 to JP9-10
     JP9-10 to JP9-14
     JP9-2 to JP10-14
     JP10-14 to JP10-10
     JP10-10 to JP10-6
     JP10-6 to JP10-2
     JP10-6 to JP6-2
     JP6-2 to JP13-2
     JP13-2 to JP11-2
Net Name : N00902
     U26-5 to U25-14
     U25-14 to C45-1
Net Name : N06081
     R121-1 to R125-1
Net Name : N06464
     U32-3 to R125-2
Net Name : N06435
     U32-2 to R123-2
Net Name : O3
     U36-12 to U25-8
Net Name : N06406
     U32-1 to D7-CATH
Net Name : N02486
     R29-2 to U11-7
     U11-7 to R30-1
Net Name : N06379
     D7-ANOD to R124-1
Net Name : N02336
     R28-1 to U11-6
     R28-1 to R29-1
Net Name : O1
     U36-14 to U25-16
Net Name : N06213
     R120-1 to D5-ANOD
Net Name : N00138
     C20-1 to Q10-COLL
     Q10-COLL to U12-6
     Q10-COLL to Q12-COLL
Net Name : N06184
     D5-CATH to U32-7
Net Name : N00949
     U26-3 to U25-3
     U25-3 to C42-1
Net Name : N06155
     U32-6 to R119-2
Net Name : N02407
     R31-2 to R32-1
     R32-1 to U11-5
