Protel Design System Auto-Router Log
------------------------------------
Log Filename     : C:\DOCUME~1\JIMPAT~1\MYDOCU~1\PROJECTS\SYNTHMOD\500-1078\RR500-10.LOG
Date             : 12-6-2014
Time             : 18:36

Input  .PCB File : C:\DOCUME~1\JIMPAT~1\MYDOCU~1\PROJECTS\SYNTHMOD\500-1078\R500-107.PCB
Output .PCB File : C:\DOCUME~1\JIMPAT~1\MYDOCU~1\PROJECTS\SYNTHMOD\500-1078\RR500-10.PCB


Clearances
  Arc    : 5mil
  Fill   : 5mil
  Pad    : 5mil
  Track  : 5mil
  Text   : 5mil
  Via    : 5mil


Layers
  Top Layer      : Horizontal
  Mid Layer 1    : Not Used
  Mid Layer 2    : Not Used
  Mid Layer 3    : Not Used
  Mid Layer 4    : Not Used
  Mid Layer 5    : Not Used
  Mid Layer 6    : Not Used
  Mid Layer 7    : Not Used
  Mid Layer 8    : Not Used
  Mid Layer 9    : Not Used
  Mid Layer 10   : Not Used
  Mid Layer 11   : Not Used
  Mid Layer 12   : Not Used
  Mid Layer 13   : Not Used
  Mid Layer 14   : Not Used
  Bottom Layer   : Vertical


Hugging 
  Before 100%  : No Hugging
  After 100%   : No Hugging


Other Settings
  Route Grid  : 25mil
  Route Track : 12mil
  Route Via   : 62mil


                   Connections       Time           Items Added During Pass
Router Pass        Routed  (%)       Used        Arcs    Pads    Tracks  Vias
--------------------------------------------------------------------------------
Pre-Router           18 (100.00%)  00:00:00         0       0       0       0
Smd Stringer                                              Not Used
SMD Fanout                                                Not Used
Memory                0 (  0.00%)  00:00:00         0       0       0       0
Line Probe            0 (  0.00%)  00:00:00         0       0       0       0
Smoothing            18 (100.00%)  00:00:06         0       0      39     -18
Smoothing            18 (100.00%)  00:00:03         0       0      -2      -2
Smoothing            18 (100.00%)  00:00:03         0       0      -1      -1
Smoothing            18 (100.00%)  00:00:03         0       0      -1       0
Smoothing            18 (100.00%)  00:00:03         0       0       0       0
Miter                18 (100.00%)  00:00:01         0       0       0       0
--------------------------------------------------------------------------------
Totals               18 (100.00%)  00:00:19         0       0      35     -21




---------------------
